This is pdfTeX, Version 3.14159265-2.6-1.40.19 (TeX Live 2018) (preloaded format=pdflatex 2019.5.1)  8 OCT 2019 16:21
entering extended mode
 restricted \write18 enabled.
 %&-line parsing enabled.
**02_dplyr_talk.tex
(./02_dplyr_talk.tex
LaTeX2e <2018-12-01>

! LaTeX Error: File `beamer.cls' not found.

Type X to quit or <RETURN> to proceed,
or enter new name. (Default extension: cls)

Enter file name: 
! Emergency stop.
<read *> 
         
l.5 \usepackage
               {pgfpages}^^M 
Here is how much of TeX's memory you used:
 12 strings out of 494562
 231 string characters out of 6174330
 52213 words of memory out of 5000000
 3771 multiletter control sequences out of 15000+600000
 3640 words of font info for 14 fonts, out of 8000000 for 9000
 14 hyphenation exceptions out of 8191
 10i,0n,8p,122b,8s stack positions out of 5000i,500n,10000p,200000b,80000s

!  ==> Fatal error occurred, no output PDF file produced!
